app/build/intermediates/manifest_merge_blame_file/debug/manifest-merger-blame-debug-report.txt
1<?xml version="1.0" encoding="utf-8"?>
2<manifest xmlns:android="http://schemas.android.com/apk/res/android"
3    package="kosmo.com.stampgo"
4    android:versionCode="1"
5    android:versionName="1.0" >
6
7    <uses-sdk
8        android:minSdkVersion="26"
8-->src\main\AndroidManifest.xml
9        android:targetSdkVersion="30" />
9-->src\main\AndroidManifest.xml
10    <!-- 인터넷 권 한 -->
11    <uses-permission android:name="android.permission.INTERNET" />
11-->src\main\AndroidManifest.xml:5:5-67
11-->src\main\AndroidManifest.xml:5:22-64
12    <uses-permission android:name="android.permission.ACCESS_FINE_LOCATION" >
12-->src\main\AndroidManifest.xml:6:5-7:23
12-->src\main\AndroidManifest.xml:6:22-76
13    </uses-permission>
14
15    <!-- test -->
16    <!-- test 2 -->
17    <!-- test3 -->
18    <application
18-->src\main\AndroidManifest.xml:12:5-35:19
19        android:allowBackup="true"
19-->src\main\AndroidManifest.xml:14:9-35
20        android:appComponentFactory="androidx.core.app.CoreComponentFactory"
20-->[androidx.core:core:1.5.0] AndroidManifest.xml:24:18-86
21        android:debuggable="true"
22        android:extractNativeLibs="false"
23        android:icon="@mipmap/ic_launcher"
23-->src\main\AndroidManifest.xml:15:9-43
24        android:label="@string/app_name"
24-->src\main\AndroidManifest.xml:16:9-41
25        android:roundIcon="@mipmap/ic_launcher_round"
25-->src\main\AndroidManifest.xml:17:9-54
26        android:supportsRtl="true"
26-->src\main\AndroidManifest.xml:18:9-35
27        android:testOnly="true"
28        android:theme="@style/Theme.StampGO"
28-->src\main\AndroidManifest.xml:19:9-45
29        android:usesCleartextTraffic="true" >
29-->src\main\AndroidManifest.xml:13:9-44
30        <activity android:name="kosmo.com.stampgo.HomeActivity" />
30-->src\main\AndroidManifest.xml:20:9-49
30-->src\main\AndroidManifest.xml:20:19-47
31        <activity android:name="kosmo.com.stampgo.LoginActivity" />
31-->src\main\AndroidManifest.xml:21:9-51
31-->src\main\AndroidManifest.xml:21:19-48
32        <activity android:name="kosmo.com.stampgo.MemberActivity" /> <!-- MainActivity 에서 intent-filter 를 제거하고 SplashActivity 로 옮겨서 활성화 -->
32-->src\main\AndroidManifest.xml:22:9-52
32-->src\main\AndroidManifest.xml:22:19-49
33        <activity android:name="kosmo.com.stampgo.MainActivity" />
33-->src\main\AndroidManifest.xml:23:9-50
33-->src\main\AndroidManifest.xml:23:19-47
34        <activity android:name="kosmo.com.stampgo.MapAcitivity" />
34-->src\main\AndroidManifest.xml:24:9-50
34-->src\main\AndroidManifest.xml:24:19-47
35        <activity
35-->src\main\AndroidManifest.xml:25:9-33:20
36            android:name="kosmo.com.stampgo.SplashActivity"
36-->src\main\AndroidManifest.xml:26:13-43
37            android:theme="@android:style/Theme.NoTitleBar.Fullscreen" >
37-->src\main\AndroidManifest.xml:27:13-71
38            <intent-filter>
38-->src\main\AndroidManifest.xml:28:13-32:29
39                <action android:name="android.intent.action.MAIN" />
39-->src\main\AndroidManifest.xml:29:17-69
39-->src\main\AndroidManifest.xml:29:25-66
40
41                <category android:name="android.intent.category.LAUNCHER" />
41-->src\main\AndroidManifest.xml:31:17-77
41-->src\main\AndroidManifest.xml:31:27-74
42            </intent-filter>
43        </activity>
44
45        <meta-data
45-->src\main\AndroidManifest.xml:34:9-106
46            android:name="com.kakao.sdk.AppKey"
46-->src\main\AndroidManifest.xml:34:20-55
47            android:value="ad747a9e4b06f185c274a1fdfb39c93b" />
47-->src\main\AndroidManifest.xml:34:56-104
48    </application>
49
50</manifest>